0 info it worked if it ends with ok
1 verbose cli [ '/usr/local/bin/node',
1 verbose cli   '/usr/local/bin/npm',
1 verbose cli   'install',
1 verbose cli   'babel-core/register',
1 verbose cli   '--save-dev' ]
2 info using npm@3.10.5
3 info using node@v6.3.0
4 silly loadCurrentTree Starting
5 silly install loadCurrentTree
6 silly install readLocalPackageData
7 silly fetchPackageMetaData babel-core/register
8 silly fetchOtherPackageData babel-core/register
9 silly cache add args [ 'babel-core/register', null ]
10 verbose cache add spec babel-core/register
11 silly cache add parsed spec Result {
11 silly cache add   raw: 'babel-core/register',
11 silly cache add   scope: null,
11 silly cache add   escapedName: null,
11 silly cache add   name: null,
11 silly cache add   rawSpec: 'babel-core/register',
11 silly cache add   spec: 'github:babel-core/register',
11 silly cache add   type: 'hosted',
11 silly cache add   hosted:
11 silly cache add    { type: 'github',
11 silly cache add      ssh: 'git@github.com:babel-core/register.git',
11 silly cache add      sshUrl: 'git+ssh://git@github.com/babel-core/register.git',
11 silly cache add      httpsUrl: 'git+https://github.com/babel-core/register.git',
11 silly cache add      gitUrl: 'git://github.com/babel-core/register.git',
11 silly cache add      shortcut: 'github:babel-core/register',
11 silly cache add      directUrl: 'https://raw.githubusercontent.com/babel-core/register/master/package.json' } }
12 verbose addRemoteGit caching babel-core/register
13 verbose addRemoteGit babel-core/register is a repository hosted by github
14 silly tryGitProto attempting to clone git://github.com/babel-core/register.git
15 silly tryClone cloning babel-core/register via git://github.com/babel-core/register.git
16 verbose tryClone git-github-com-babel-core-register-git-2953c001 not in flight; caching
17 verbose correctMkdir /Users/apple/.npm/_git-remotes correctMkdir not in flight; initializing
18 info git [ 'clone',
18 info git   '--template=/Users/apple/.npm/_git-remotes/_templates',
18 info git   '--mirror',
18 info git   'git://github.com/babel-core/register.git',
18 info git   '/Users/apple/.npm/_git-remotes/git-github-com-babel-core-register-git-2953c001' ]
19 verbose git clone --template=/Users/apple/.npm/_git-remotes/_templates --mirror git://github.com/babel-core/register.git /Users/apple/.npm/_git-remotes/git-github-com-babel-core-register-git-2953c001: Cloning into bare repository '/Users/apple/.npm/_git-remotes/git-github-com-babel-core-register-git-2953c001'...
19 verbose git clone --template=/Users/apple/.npm/_git-remotes/_templates --mirror git://github.com/babel-core/register.git /Users/apple/.npm/_git-remotes/git-github-com-babel-core-register-git-2953c001: fatal: remote error:
19 verbose git clone --template=/Users/apple/.npm/_git-remotes/_templates --mirror git://github.com/babel-core/register.git /Users/apple/.npm/_git-remotes/git-github-com-babel-core-register-git-2953c001:   Repository not found.
20 silly tryHTTPS attempting to clone git+https://github.com/babel-core/register.git
21 silly tryClone cloning babel-core/register via git+https://github.com/babel-core/register.git
22 verbose tryClone git-https-github-com-babel-core-register-git-cf7b1bc8 not in flight; caching
23 verbose correctMkdir /Users/apple/.npm/_git-remotes correctMkdir not in flight; initializing
24 info git [ 'clone',
24 info git   '--template=/Users/apple/.npm/_git-remotes/_templates',
24 info git   '--mirror',
24 info git   'https://github.com/babel-core/register.git',
24 info git   '/Users/apple/.npm/_git-remotes/git-https-github-com-babel-core-register-git-cf7b1bc8' ]
25 verbose git clone --template=/Users/apple/.npm/_git-remotes/_templates --mirror https://github.com/babel-core/register.git /Users/apple/.npm/_git-remotes/git-https-github-com-babel-core-register-git-cf7b1bc8: Cloning into bare repository '/Users/apple/.npm/_git-remotes/git-https-github-com-babel-core-register-git-cf7b1bc8'...
25 verbose git clone --template=/Users/apple/.npm/_git-remotes/_templates --mirror https://github.com/babel-core/register.git /Users/apple/.npm/_git-remotes/git-https-github-com-babel-core-register-git-cf7b1bc8: remote: Repository not found.
25 verbose git clone --template=/Users/apple/.npm/_git-remotes/_templates --mirror https://github.com/babel-core/register.git /Users/apple/.npm/_git-remotes/git-https-github-com-babel-core-register-git-cf7b1bc8: fatal: repository 'https://github.com/babel-core/register.git/' not found
26 silly trySSH attempting to clone git@github.com:babel-core/register.git
27 silly tryClone cloning babel-core/register via git@github.com:babel-core/register.git
28 verbose tryClone git-github-com-babel-core-register-git-ff32f5f9 not in flight; caching
29 verbose correctMkdir /Users/apple/.npm/_git-remotes correctMkdir not in flight; initializing
30 info git [ 'clone',
30 info git   '--template=/Users/apple/.npm/_git-remotes/_templates',
30 info git   '--mirror',
30 info git   'git@github.com:babel-core/register.git',
30 info git   '/Users/apple/.npm/_git-remotes/git-github-com-babel-core-register-git-ff32f5f9' ]
31 error git clone --template=/Users/apple/.npm/_git-remotes/_templates --mirror git@github.com:babel-core/register.git /Users/apple/.npm/_git-remotes/git-github-com-babel-core-register-git-ff32f5f9: Cloning into bare repository '/Users/apple/.npm/_git-remotes/git-github-com-babel-core-register-git-ff32f5f9'...
31 error git clone --template=/Users/apple/.npm/_git-remotes/_templates --mirror git@github.com:babel-core/register.git /Users/apple/.npm/_git-remotes/git-github-com-babel-core-register-git-ff32f5f9: Permission denied (publickey).
31 error git clone --template=/Users/apple/.npm/_git-remotes/_templates --mirror git@github.com:babel-core/register.git /Users/apple/.npm/_git-remotes/git-github-com-babel-core-register-git-ff32f5f9: fatal: Could not read from remote repository.
31 error git clone --template=/Users/apple/.npm/_git-remotes/_templates --mirror git@github.com:babel-core/register.git /Users/apple/.npm/_git-remotes/git-github-com-babel-core-register-git-ff32f5f9:
31 error git clone --template=/Users/apple/.npm/_git-remotes/_templates --mirror git@github.com:babel-core/register.git /Users/apple/.npm/_git-remotes/git-github-com-babel-core-register-git-ff32f5f9: Please make sure you have the correct access rights
31 error git clone --template=/Users/apple/.npm/_git-remotes/_templates --mirror git@github.com:babel-core/register.git /Users/apple/.npm/_git-remotes/git-github-com-babel-core-register-git-ff32f5f9: and the repository exists.
32 silly fetchPackageMetaData Error: Command failed: git clone --template=/Users/apple/.npm/_git-remotes/_templates --mirror git@github.com:babel-core/register.git /Users/apple/.npm/_git-remotes/git-github-com-babel-core-register-git-ff32f5f9
32 silly fetchPackageMetaData Cloning into bare repository '/Users/apple/.npm/_git-remotes/git-github-com-babel-core-register-git-ff32f5f9'...
32 silly fetchPackageMetaData Permission denied (publickey).
32 silly fetchPackageMetaData fatal: Could not read from remote repository.
32 silly fetchPackageMetaData
32 silly fetchPackageMetaData Please make sure you have the correct access rights
32 silly fetchPackageMetaData and the repository exists.
32 silly fetchPackageMetaData
32 silly fetchPackageMetaData     at ChildProcess.exithandler (child_process.js:202:12)
32 silly fetchPackageMetaData     at emitTwo (events.js:106:13)
32 silly fetchPackageMetaData     at ChildProcess.emit (events.js:191:7)
32 silly fetchPackageMetaData     at maybeClose (internal/child_process.js:852:16)
32 silly fetchPackageMetaData     at Process.ChildProcess._handle.onexit (internal/child_process.js:215:5)
32 silly fetchPackageMetaData  error for babel-core/register { Error: Command failed: git clone --template=/Users/apple/.npm/_git-remotes/_templates --mirror git@github.com:babel-core/register.git /Users/apple/.npm/_git-remotes/git-github-com-babel-core-register-git-ff32f5f9
32 silly fetchPackageMetaData Cloning into bare repository '/Users/apple/.npm/_git-remotes/git-github-com-babel-core-register-git-ff32f5f9'...
32 silly fetchPackageMetaData Permission denied (publickey).
32 silly fetchPackageMetaData fatal: Could not read from remote repository.
32 silly fetchPackageMetaData
32 silly fetchPackageMetaData Please make sure you have the correct access rights
32 silly fetchPackageMetaData and the repository exists.
32 silly fetchPackageMetaData
32 silly fetchPackageMetaData     at ChildProcess.exithandler (child_process.js:202:12)
32 silly fetchPackageMetaData     at emitTwo (events.js:106:13)
32 silly fetchPackageMetaData     at ChildProcess.emit (events.js:191:7)
32 silly fetchPackageMetaData     at maybeClose (internal/child_process.js:852:16)
32 silly fetchPackageMetaData     at Process.ChildProcess._handle.onexit (internal/child_process.js:215:5)
32 silly fetchPackageMetaData   killed: false,
32 silly fetchPackageMetaData   code: 128,
32 silly fetchPackageMetaData   signal: null,
32 silly fetchPackageMetaData   cmd: 'git clone --template=/Users/apple/.npm/_git-remotes/_templates --mirror git@github.com:babel-core/register.git /Users/apple/.npm/_git-remotes/git-github-com-babel-core-register-git-ff32f5f9' }
33 silly rollbackFailedOptional Starting
34 silly rollbackFailedOptional Finishing
35 silly runTopLevelLifecycles Starting
36 silly runTopLevelLifecycles Finishing
37 silly install printInstalled
38 verbose stack Error: Command failed: git clone --template=/Users/apple/.npm/_git-remotes/_templates --mirror git@github.com:babel-core/register.git /Users/apple/.npm/_git-remotes/git-github-com-babel-core-register-git-ff32f5f9
38 verbose stack Cloning into bare repository '/Users/apple/.npm/_git-remotes/git-github-com-babel-core-register-git-ff32f5f9'...
38 verbose stack Permission denied (publickey).
38 verbose stack fatal: Could not read from remote repository.
38 verbose stack
38 verbose stack Please make sure you have the correct access rights
38 verbose stack and the repository exists.
38 verbose stack
38 verbose stack     at ChildProcess.exithandler (child_process.js:202:12)
38 verbose stack     at emitTwo (events.js:106:13)
38 verbose stack     at ChildProcess.emit (events.js:191:7)
38 verbose stack     at maybeClose (internal/child_process.js:852:16)
38 verbose stack     at Process.ChildProcess._handle.onexit (internal/child_process.js:215:5)
39 verbose cwd /设计模式/interview/node/web
40 error Darwin 14.5.0
41 error argv "/usr/local/bin/node" "/usr/local/bin/npm" "install" "babel-core/register" "--save-dev"
42 error node v6.3.0
43 error npm  v3.10.5
44 error code 128
45 error Command failed: git clone --template=/Users/apple/.npm/_git-remotes/_templates --mirror git@github.com:babel-core/register.git /Users/apple/.npm/_git-remotes/git-github-com-babel-core-register-git-ff32f5f9
45 error Cloning into bare repository '/Users/apple/.npm/_git-remotes/git-github-com-babel-core-register-git-ff32f5f9'...
45 error Permission denied (publickey).
45 error fatal: Could not read from remote repository.
45 error
45 error Please make sure you have the correct access rights
45 error and the repository exists.
46 error If you need help, you may report this error at:
46 error     <https://github.com/npm/npm/issues>
47 verbose exit [ 1, true ]
